<?xml version="1.0" encoding="UTF-8"?>
<!-- Generated by org.testng.reporters.JUnitReportReporter -->
<testsuite skipped="0" hostname="Ramnath-PC" name="com.qa.hubspot.tests.ContactsPageTest" tests="6" failures="0" timestamp="30 Jul 2020 18:00:21 GMT" time="197.025" errors="0">
  <testcase name="verifyCreateNewContact" time="28.216" classname="com.qa.hubspot.tests.ContactsPageTest"/>
  <testcase name="verifyContactsPageTitleTest" time="26.609" classname="com.qa.hubspot.tests.ContactsPageTest"/>
  <testcase name="verifyCreateNewContact" time="32.297" classname="com.qa.hubspot.tests.ContactsPageTest"/>
  <testcase name="verifyContactsHeaderTest" time="40.335" classname="com.qa.hubspot.tests.ContactsPageTest"/>
  <testcase name="verifySelectContactsTest" time="33.231" classname="com.qa.hubspot.tests.ContactsPageTest"/>
  <testcase name="verifyCreateNewContact" time="36.337" classname="com.qa.hubspot.tests.ContactsPageTest"/>
</testsuite> <!-- com.qa.hubspot.tests.ContactsPageTest -->
