<?xml version="1.0" encoding="UTF-8"?>
<!-- Generated by org.testng.reporters.JUnitReportReporter -->
<testsuite skipped="0" hostname="Ramnath-PC" name="com.qa.hubspot.tests.HomePageTest" tests="6" failures="0" timestamp="30 Jul 2020 18:00:21 GMT" time="131.388" errors="0">
  <testcase name="verifyUserNameTest" time="20.942" classname="com.qa.hubspot.tests.HomePageTest"/>
  <testcase name="verifyCompaniesPageTest" time="24.374" classname="com.qa.hubspot.tests.HomePageTest"/>
  <testcase name="verifyHomePageHeaderTest" time="20.668" classname="com.qa.hubspot.tests.HomePageTest"/>
  <testcase name="verifyUserEmailTest" time="21.501" classname="com.qa.hubspot.tests.HomePageTest"/>
  <testcase name="verifyContactsPageTest" time="23.990" classname="com.qa.hubspot.tests.HomePageTest"/>
  <testcase name="verifyHomePageTitleTest" time="19.913" classname="com.qa.hubspot.tests.HomePageTest"/>
</testsuite> <!-- com.qa.hubspot.tests.HomePageTest -->
