<?xml version="1.0" encoding="UTF-8"?>
<!-- Generated by org.testng.reporters.JUnitReportReporter -->
<testsuite skipped="0" hostname="Ramnath-PC" name="com.qa.hubspot.tests.LoginPageTest" tests="3" failures="0" timestamp="30 Jul 2020 18:00:21 GMT" time="42.898" errors="0">
  <testcase name="verifyloginPageTitleTest" time="14.550" classname="com.qa.hubspot.tests.LoginPageTest"/>
  <testcase name="verifyLoginTest" time="14.745" classname="com.qa.hubspot.tests.LoginPageTest"/>
  <testcase name="verifySignUpLinkDisplayedTest" time="13.603" classname="com.qa.hubspot.tests.LoginPageTest"/>
</testsuite> <!-- com.qa.hubspot.tests.LoginPageTest -->
