<?xml version="1.0" encoding="UTF-8"?>
<!-- Generated by org.testng.reporters.JUnitReportReporter -->
<testsuite skipped="0" hostname="Ramnath-PC" name="com.qa.hubspot.tests.HomePageTest" tests="6" failures="0" timestamp="31 Jul 2020 17:42:46 GMT" time="169.189" errors="0">
  <testcase name="verifyCompaniesPageTest" time="30.656" classname="com.qa.hubspot.tests.HomePageTest"/>
  <testcase name="verifyUserEmailTest" time="26.138" classname="com.qa.hubspot.tests.HomePageTest"/>
  <testcase name="verifyUserNameTest" time="28.023" classname="com.qa.hubspot.tests.HomePageTest"/>
  <testcase name="verifyHomePageTitleTest" time="27.483" classname="com.qa.hubspot.tests.HomePageTest"/>
  <testcase name="verifyContactsPageTest" time="26.671" classname="com.qa.hubspot.tests.HomePageTest"/>
  <testcase name="verifyHomePageHeaderTest" time="30.218" classname="com.qa.hubspot.tests.HomePageTest"/>
</testsuite> <!-- com.qa.hubspot.tests.HomePageTest -->
