<?xml version="1.0" encoding="UTF-8"?>
<!-- Generated by org.testng.reporters.JUnitReportReporter -->
<testsuite skipped="0" hostname="Ramnath-PC" name="com.qa.hubspot.tests.LoginPageTest" tests="3" failures="0" timestamp="31 Jul 2020 17:42:46 GMT" time="53.874" errors="0">
  <testcase name="verifyloginPageTitleTest" time="18.173" classname="com.qa.hubspot.tests.LoginPageTest"/>
  <testcase name="verifySignUpLinkDisplayedTest" time="17.283" classname="com.qa.hubspot.tests.LoginPageTest"/>
  <testcase name="verifyLoginTest" time="18.418" classname="com.qa.hubspot.tests.LoginPageTest"/>
</testsuite> <!-- com.qa.hubspot.tests.LoginPageTest -->
