<?xml version="1.0" encoding="UTF-8"?>
<!-- Generated by org.testng.reporters.JUnitReportReporter -->
<testsuite skipped="0" hostname="Ramnath-PC" name="com.qa.hubspot.tests.ContactsPageTest" tests="6" failures="0" timestamp="31 Jul 2020 17:42:46 GMT" time="287.865" errors="0">
  <testcase name="verifySelectContactsTest" time="36.454" classname="com.qa.hubspot.tests.ContactsPageTest"/>
  <testcase name="verifyContactsHeaderTest" time="39.138" classname="com.qa.hubspot.tests.ContactsPageTest"/>
  <testcase name="verifyCreateNewContact" time="45.670" classname="com.qa.hubspot.tests.ContactsPageTest"/>
  <testcase name="verifyCreateNewContact" time="48.824" classname="com.qa.hubspot.tests.ContactsPageTest"/>
  <testcase name="verifyCreateNewContact" time="86.899" classname="com.qa.hubspot.tests.ContactsPageTest"/>
  <testcase name="verifyContactsPageTitleTest" time="30.880" classname="com.qa.hubspot.tests.ContactsPageTest"/>
</testsuite> <!-- com.qa.hubspot.tests.ContactsPageTest -->
